#-----------------------------------------------------------
# Vivado v2018.1 (64-bit)
# SW Build 2188600 on Wed Apr  4 18:40:38 MDT 2018
# IP Build 2185939 on Wed Apr  4 20:55:05 MDT 2018
# Start of session at: Wed May 15 10:52:34 2019
# Process ID: 27744
# Current directory: C:/archlabs/protect_3_lab03
# Command line: vivado.exe -gui_launcher_event rodinguilauncherevent13076 C:\archlabs\protect_3_lab03\protect_3.xpr
# Log file: C:/archlabs/protect_3_lab03/vivado.log
# Journal file: C:/archlabs/protect_3_lab03\vivado.jou
#-----------------------------------------------------------
start_gui
open_project C:/archlabs/protect_3_lab03/protect_3.xpr
Scanning sources...
Finished scanning sources
INFO: [IP_Flow 19-234] Refreshing IP repositories
INFO: [IP_Flow 19-1704] No user IP repositories specified
INFO: [IP_Flow 19-2313] Loaded Vivado IP repository 'C:/Xilinx/Vivado/2018.1/data/ip'.
open_project: Time (s): cpu = 00:00:22 ; elapsed = 00:00:14 . Memory (MB): peak = 875.809 ; gain = 118.406
update_compile_order -fileset sources_1
exit
INFO: [Common 17-206] Exiting Vivado at Wed May 15 11:34:28 2019...
