#-----------------------------------------------------------
# Vivado v2018.1 (64-bit)
# SW Build 2188600 on Wed Apr  4 18:40:38 MDT 2018
# IP Build 2185939 on Wed Apr  4 20:55:05 MDT 2018
# Start of session at: Mon May 13 21:44:57 2019
# Process ID: 16188
# Current directory: C:/archlabs/protect_3
# Command line: vivado.exe -gui_launcher_event rodinguilauncherevent29744 C:\archlabs\protect_3\protect_3.xpr
# Log file: C:/archlabs/protect_3/vivado.log
# Journal file: C:/archlabs/protect_3\vivado.jou
#-----------------------------------------------------------
start_gui
open_project C:/archlabs/protect_3/protect_3.xpr
Scanning sources...
Finished scanning sources
INFO: [IP_Flow 19-234] Refreshing IP repositories
INFO: [IP_Flow 19-1704] No user IP repositories specified
INFO: [IP_Flow 19-2313] Loaded Vivado IP repository 'C:/Xilinx/Vivado/2018.1/data/ip'.
open_project: Time (s): cpu = 00:00:15 ; elapsed = 00:00:09 . Memory (MB): peak = 870.660 ; gain = 120.441
update_compile_order -fileset sources_1
launch_simulation
INFO: [Vivado 12-5682] Launching behavioral simulation in 'C:/archlabs/protect_3/protect_3.sim/sim_1/behav/xsim'
INFO: [SIM-utils-51] Simulation object is 'sim_1'
INFO: [SIM-utils-54] Inspecting design source files for 'Ctr_tb' in fileset 'sim_1'...
INFO: [USF-XSim-97] Finding global include files...
INFO: [USF-XSim-98] Fetching design files from 'sim_1'...
INFO: [USF-XSim-2] XSim::Compile design
INFO: [USF-XSim-61] Executing 'COMPILE and ANALYZE' step in 'C:/archlabs/protect_3/protect_3.sim/sim_1/behav/xsim'
"xvlog --incr --relax -prj Ctr_tb_vlog.prj"
INFO: [USF-XSim-69] 'compile' step finished in '2' seconds
INFO: [USF-XSim-3] XSim::Elaborate design
INFO: [USF-XSim-61] Executing 'ELABORATE' step in 'C:/archlabs/protect_3/protect_3.sim/sim_1/behav/xsim'
Vivado Simulator 2018.1
Copyright 1986-1999, 2001-2017 Xilinx, Inc. All Rights Reserved.
Running: C:/Xilinx/Vivado/2018.1/bin/unwrapped/win64.o/xelab.exe -wto 4f46f6a344274f99a00c899e0ed982cd --incr --debug typical --relax --mt 2 -L xil_defaultlib -L unisims_ver -L unimacro_ver -L secureip --snapshot Ctr_tb_behav xil_defaultlib.Ctr_tb xil_defaultlib.glbl -log elaborate.log 
Using 2 slave threads.
Starting static elaboration
Completed static elaboration
INFO: [XSIM 43-4323] No Change in HDL. Linking previously generated obj files to create kernel
INFO: [USF-XSim-69] 'elaborate' step finished in '4' seconds
INFO: [USF-XSim-4] XSim::Simulate design
INFO: [USF-XSim-61] Executing 'SIMULATE' step in 'C:/archlabs/protect_3/protect_3.sim/sim_1/behav/xsim'
INFO: [USF-XSim-98] *** Running xsim
   with args "Ctr_tb_behav -key {Behavioral:sim_1:Functional:Ctr_tb} -tclbatch {Ctr_tb.tcl} -log {simulate.log}"
INFO: [USF-XSim-8] Loading simulator feature
Vivado Simulator 2018.1
Time resolution is 1 ps
source Ctr_tb.tcl
# set curr_wave [current_wave_config]
# if { [string length $curr_wave] == 0 } {
#   if { [llength [get_objects]] > 0} {
#     add_wave /
#     set_property needs_save false [current_wave_config]
#   } else {
#      send_msg_id Add_Wave-1 WARNING "No top level signals found. Simulator will start without a wave window. If you want to open a wave window go to 'File->New Waveform Configuration' or type 'create_wave_config' in the TCL console."
#   }
# }
# run 1000ns
xsim: Time (s): cpu = 00:00:05 ; elapsed = 00:00:06 . Memory (MB): peak = 907.215 ; gain = 13.813
INFO: [USF-XSim-96] XSim completed. Design snapshot 'Ctr_tb_behav' loaded.
INFO: [USF-XSim-97] XSim simulation ran for 1000ns
launch_simulation: Time (s): cpu = 00:00:07 ; elapsed = 00:00:14 . Memory (MB): peak = 907.215 ; gain = 13.891
run 10 us
run all
run all
run all
run all
restart
INFO: [Simtcl 6-17] Simulation restarted
run 10 us
close_sim
INFO: [Simtcl 6-16] Simulation closed
launch_simulation
INFO: [Vivado 12-5682] Launching behavioral simulation in 'C:/archlabs/protect_3/protect_3.sim/sim_1/behav/xsim'
INFO: [SIM-utils-51] Simulation object is 'sim_1'
INFO: [SIM-utils-54] Inspecting design source files for 'Ctr_tb' in fileset 'sim_1'...
INFO: [USF-XSim-97] Finding global include files...
INFO: [USF-XSim-98] Fetching design files from 'sim_1'...
INFO: [USF-XSim-2] XSim::Compile design
INFO: [USF-XSim-61] Executing 'COMPILE and ANALYZE' step in 'C:/archlabs/protect_3/protect_3.sim/sim_1/behav/xsim'
"xvlog --incr --relax -prj Ctr_tb_vlog.prj"
INFO: [VRFC 10-2263] Analyzing Verilog file "C:/archlabs/protect_3/protect_3.srcs/sources_1/new/Ctr.v" into library xil_defaultlib
INFO: [VRFC 10-311] analyzing module Ctr
WARNING: [VRFC 10-1315] redeclaration of ansi port RegDst is not allowed [C:/archlabs/protect_3/protect_3.srcs/sources_1/new/Ctr.v:37]
WARNING: [VRFC 10-1315] redeclaration of ansi port ALUSrc is not allowed [C:/archlabs/protect_3/protect_3.srcs/sources_1/new/Ctr.v:38]
WARNING: [VRFC 10-1315] redeclaration of ansi port MemToReg is not allowed [C:/archlabs/protect_3/protect_3.srcs/sources_1/new/Ctr.v:39]
WARNING: [VRFC 10-1315] redeclaration of ansi port RegWrite is not allowed [C:/archlabs/protect_3/protect_3.srcs/sources_1/new/Ctr.v:40]
WARNING: [VRFC 10-1315] redeclaration of ansi port MemRead is not allowed [C:/archlabs/protect_3/protect_3.srcs/sources_1/new/Ctr.v:41]
WARNING: [VRFC 10-1315] redeclaration of ansi port MemWrite is not allowed [C:/archlabs/protect_3/protect_3.srcs/sources_1/new/Ctr.v:42]
WARNING: [VRFC 10-1315] redeclaration of ansi port Branch is not allowed [C:/archlabs/protect_3/protect_3.srcs/sources_1/new/Ctr.v:43]
WARNING: [VRFC 10-1315] redeclaration of ansi port ALUOp is not allowed [C:/archlabs/protect_3/protect_3.srcs/sources_1/new/Ctr.v:44]
WARNING: [VRFC 10-1315] redeclaration of ansi port Jump is not allowed [C:/archlabs/protect_3/protect_3.srcs/sources_1/new/Ctr.v:45]
INFO: [VRFC 10-2263] Analyzing Verilog file "C:/archlabs/protect_3/protect_3.srcs/sim_1/new/Ctr_tb.v" into library xil_defaultlib
INFO: [VRFC 10-311] analyzing module Ctr_tb
INFO: [VRFC 10-2458] undeclared symbol MemRead, assumed default net type wire [C:/archlabs/protect_3/protect_3.srcs/sim_1/new/Ctr_tb.v:38]
INFO: [VRFC 10-2458] undeclared symbol MemWrire, assumed default net type wire [C:/archlabs/protect_3/protect_3.srcs/sim_1/new/Ctr_tb.v:38]
INFO: [USF-XSim-69] 'compile' step finished in '3' seconds
INFO: [USF-XSim-3] XSim::Elaborate design
INFO: [USF-XSim-61] Executing 'ELABORATE' step in 'C:/archlabs/protect_3/protect_3.sim/sim_1/behav/xsim'
Vivado Simulator 2018.1
Copyright 1986-1999, 2001-2017 Xilinx, Inc. All Rights Reserved.
Running: C:/Xilinx/Vivado/2018.1/bin/unwrapped/win64.o/xelab.exe -wto 4f46f6a344274f99a00c899e0ed982cd --incr --debug typical --relax --mt 2 -L xil_defaultlib -L unisims_ver -L unimacro_ver -L secureip --snapshot Ctr_tb_behav xil_defaultlib.Ctr_tb xil_defaultlib.glbl -log elaborate.log 
Using 2 slave threads.
Starting static elaboration
Completed static elaboration
Starting simulation data flow analysis
Completed simulation data flow analysis
Time Resolution for simulation is 1ps
Compiling module xil_defaultlib.Ctr
Compiling module xil_defaultlib.Ctr_tb
Compiling module xil_defaultlib.glbl
Built simulation snapshot Ctr_tb_behav

****** Webtalk v2018.1 (64-bit)
  **** SW Build 2188600 on Wed Apr  4 18:40:38 MDT 2018
  **** IP Build 2185939 on Wed Apr  4 20:55:05 MDT 2018
    ** Copyright 1986-2018 Xilinx, Inc. All Rights Reserved.

source C:/archlabs/protect_3/protect_3.sim/sim_1/behav/xsim/xsim.dir/Ctr_tb_behav/webtalk/xsim_webtalk.tcl -notrace
INFO: [Common 17-186] 'C:/archlabs/protect_3/protect_3.sim/sim_1/behav/xsim/xsim.dir/Ctr_tb_behav/webtalk/usage_statistics_ext_xsim.xml' has been successfully sent to Xilinx on Mon May 13 22:50:26 2019. For additional details about this file, please refer to the WebTalk help file at C:/Xilinx/Vivado/2018.1/doc/webtalk_introduction.html.
webtalk_transmit: Time (s): cpu = 00:00:00 ; elapsed = 00:00:05 . Memory (MB): peak = 54.551 ; gain = 0.676
INFO: [Common 17-206] Exiting Webtalk at Mon May 13 22:50:26 2019...
run_program: Time (s): cpu = 00:00:01 ; elapsed = 00:00:12 . Memory (MB): peak = 924.551 ; gain = 0.000
INFO: [USF-XSim-69] 'elaborate' step finished in '12' seconds
INFO: [USF-XSim-4] XSim::Simulate design
INFO: [USF-XSim-61] Executing 'SIMULATE' step in 'C:/archlabs/protect_3/protect_3.sim/sim_1/behav/xsim'
INFO: [USF-XSim-98] *** Running xsim
   with args "Ctr_tb_behav -key {Behavioral:sim_1:Functional:Ctr_tb} -tclbatch {Ctr_tb.tcl} -log {simulate.log}"
INFO: [USF-XSim-8] Loading simulator feature
Vivado Simulator 2018.1
Time resolution is 1 ps
source Ctr_tb.tcl
# set curr_wave [current_wave_config]
# if { [string length $curr_wave] == 0 } {
#   if { [llength [get_objects]] > 0} {
#     add_wave /
#     set_property needs_save false [current_wave_config]
#   } else {
#      send_msg_id Add_Wave-1 WARNING "No top level signals found. Simulator will start without a wave window. If you want to open a wave window go to 'File->New Waveform Configuration' or type 'create_wave_config' in the TCL console."
#   }
# }
# run 1000ns
xsim: Time (s): cpu = 00:00:04 ; elapsed = 00:00:06 . Memory (MB): peak = 924.551 ; gain = 0.000
INFO: [USF-XSim-96] XSim completed. Design snapshot 'Ctr_tb_behav' loaded.
INFO: [USF-XSim-97] XSim simulation ran for 1000ns
launch_simulation: Time (s): cpu = 00:00:07 ; elapsed = 00:00:21 . Memory (MB): peak = 924.551 ; gain = 0.000
restart
INFO: [Simtcl 6-17] Simulation restarted
run 10 us
close_sim
INFO: [Simtcl 6-16] Simulation closed
exit
INFO: [Common 17-206] Exiting Vivado at Tue May 14 00:20:00 2019...
