#-----------------------------------------------------------
# Vivado v2018.1 (64-bit)
# SW Build 2188600 on Wed Apr  4 18:40:38 MDT 2018
# IP Build 2185939 on Wed Apr  4 20:55:05 MDT 2018
# Start of session at: Wed May 15 17:43:36 2019
# Process ID: 31392
# Current directory: C:/archlabs/project_5_lab05
# Command line: vivado.exe -gui_launcher_event rodinguilauncherevent21168 C:\archlabs\project_5_lab05\project_5finalllllllll.xpr
# Log file: C:/archlabs/project_5_lab05/vivado.log
# Journal file: C:/archlabs/project_5_lab05\vivado.jou
#-----------------------------------------------------------sstart_gui
open_project C:/archlabs/project_5_lab05/project_5finalllllllll.xpr
Scanning sources...
Finished scanning sources
INFO: [IP_Flow 19-234] Refreshing IP repositories
INFO: [IP_Flow 19-1704] No user IP repositories specified
INFO: [IP_Flow 19-2313] Loaded Vivado IP repository 'C:/Xilinx/Vivado/2018.1/data/ip'.
open_project: Time (s): cpu = 00:00:21 ; elapsed = 00:00:12 . Memory (MB): peak = 861.301 ; gain = 109.840
update_compile_order -fileset sources_1
exit
INFO: [Common 17-206] Exiting Vivado at Wed May 15 17:47:52 2019...
nning sources...
Finished scanning sources
INFO: [IP_Flow 19-234] Refreshing IP repositories
INFO: [IP_Flow 19-1704] No user IP repositories specified
INFO: [IP_Flow 19-2313] Loaded Vivado IP repository 'C:/Xilinx/Vivado/2018.1/data/ip'.
open_project: Time (s): cpu = 00:00:25 ; elapsed = 00:00:14 . Memory (MB): peak = 867.355 ; gain = 115.676
update_compile_order -fileset sources_1
exit
INFO: [Common 17-206] Exiting Vivado at Wed May 15 17:47:48 2019...
