#-----------------------------------------------------------
# Vivado v2018.1 (64-bit)
# SW Build 2188600 on Wed Apr  4 18:40:38 MDT 2018
# IP Build 2185939 on Wed Apr  4 20:55:05 MDT 2018
# Start of session at: Wed May 15 10:52:39 2019
# Process ID: 10964
# Current directory: C:/archlabs/project_4_lab04
# Command line: vivado.exe -gui_launcher_event rodinguilauncherevent23724 C:\archlabs\project_4_lab04\project_4_lab04.xpr
# Log file: C:/archlabs/project_4_lab04/vivado.log
# Journal file: C:/archlabs/project_4_lab04\vivado.jou
#-----------------------------------------------------------
start_gui
open_project C:/archlabs/project_4_lab04/project_4_lab04.xpr
Scanning sources...
Finished scanning sources
INFO: [IP_Flow 19-234] Refreshing IP repositories
INFO: [IP_Flow 19-1704] No user IP repositories specified
INFO: [IP_Flow 19-2313] Loaded Vivado IP repository 'C:/Xilinx/Vivado/2018.1/data/ip'.
open_project: Time (s): cpu = 00:00:23 ; elapsed = 00:00:15 . Memory (MB): peak = 877.590 ; gain = 116.367
update_compile_order -fileset sources_1
exit
INFO: [Common 17-206] Exiting Vivado at Wed May 15 11:34:25 2019...
