#-----------------------------------------------------------
# Vivado v2018.1 (64-bit)
# SW Build 2188600 on Wed Apr  4 18:40:38 MDT 2018
# IP Build 2185939 on Wed Apr  4 20:55:05 MDT 2018
# Start of session at: Wed May 15 21:38:06 2019
# Process ID: 24884
# Current directory: C:/Users/12043/Desktop/上交/project_6_lab06
# Command line: vivado.exe -gui_launcher_event rodinguilauncherevent21380 C:\Users\12043\Desktop\上交\project_6_lab06\project_6_lab06.xpr
# Log file: C:/Users/12043/Desktop/上交/project_6_lab06/vivado.log
# Journal file: C:/Users/12043/Desktop/上交/project_6_lab06\vivado.jou
#-----------------------------------------------------------
start_gui
open_project C:/Users/12043/Desktop/上交/project_6_lab06/project_6_lab06.xpr
INFO: [Project 1-313] Project file moved from 'C:/archlabs/project_6_lab06' since last save.
Scanning sources...
Finished scanning sources
INFO: [IP_Flow 19-234] Refreshing IP repositories
INFO: [IP_Flow 19-1704] No user IP repositories specified
INFO: [IP_Flow 19-2313] Loaded Vivado IP repository 'C:/Xilinx/Vivado/2018.1/data/ip'.
open_project: Time (s): cpu = 00:00:13 ; elapsed = 00:00:07 . Memory (MB): peak = 878.352 ; gain = 128.902
update_compile_order -fileset sources_1
exit
INFO: [Common 17-206] Exiting Vivado at Wed May 15 21:38:55 2019...
